d:\projects\vs\cpp\mpi 2\mpi 2\x64\debug\vc142.pdb
d:\projects\vs\cpp\mpi 2\mpi 2\x64\debug\vc142.idb
d:\projects\vs\cpp\mpi 2\mpi 2\x64\debug\wasif.obj
d:\projects\vs\cpp\mpi 2\mpi 2\x64\debug\sieve's algorithm cyclic.obj
d:\projects\vs\cpp\mpi 2\mpi 2\x64\debug\seive's algorithm block.obj
d:\projects\vs\cpp\mpi 2\mpi 2\x64\debug\seive's algorithm block scatter.obj
d:\projects\vs\cpp\mpi 2\mpi 2\x64\debug\scatterv and gatherv.obj
d:\projects\vs\cpp\mpi 2\mpi 2\x64\debug\engine.obj
d:\projects\vs\cpp\mpi 2\mpi 2\x64\debug\linear_occurance_reduction.obj
d:\projects\vs\cpp\mpi 2\mpi 2\x64\debug\linear occurance.obj
d:\projects\vs\cpp\mpi 2\mpi 2\x64\debug\floyd_warshall_algo.obj
d:\projects\vs\cpp\mpi 2\mpi 2\x64\debug\bubble sort parellel.obj
d:\projects\vs\cpp\mpi 2\mpi 2\x64\debug\afifa.obj
d:\projects\vs\cpp\mpi 2\mpi 2\x64\debug\tic tac toe sequential and parallel.obj
d:\projects\vs\cpp\mpi 2\mpi 2\x64\debug\prcatice.obj
d:\projects\vs\cpp\mpi 2\x64\debug\mpi 2.exe
d:\projects\vs\cpp\mpi 2\x64\debug\mpi 2.ilk
d:\projects\vs\cpp\mpi 2\x64\debug\mpi 2.pdb
d:\projects\vs\cpp\mpi 2\mpi 2\x64\debug\mpi 2.tlog\cl.command.1.tlog
d:\projects\vs\cpp\mpi 2\mpi 2\x64\debug\mpi 2.tlog\cl.read.1.tlog
d:\projects\vs\cpp\mpi 2\mpi 2\x64\debug\mpi 2.tlog\cl.write.1.tlog
d:\projects\vs\cpp\mpi 2\mpi 2\x64\debug\mpi 2.tlog\link.command.1.tlog
d:\projects\vs\cpp\mpi 2\mpi 2\x64\debug\mpi 2.tlog\link.read.1.tlog
d:\projects\vs\cpp\mpi 2\mpi 2\x64\debug\mpi 2.tlog\link.write.1.tlog
